<?xml version="1.0" encoding="UTF-8"?>
<!-- Generated by org.testng.reporters.JUnitReportReporter -->
<testsuite hostname="DESKTOP-ACEQNIB" failures="0" tests="1" name="test.AddCustomerTest" time="60.568" errors="0" timestamp="2024-07-30T12:57:14 CDT" skipped="0">
  <testcase classname="test.AddCustomerTest" name="validUserShouldBeAbleToAddNewCustomer" time="60.568"/>
  <system-out/>
</testsuite> <!-- test.AddCustomerTest -->
